[1m[32m    Checking[0m unicode-ident v1.0.18
[1m[32m    Checking[0m serde v1.0.218
[1m[32m    Checking[0m proc-macro2 v1.0.103
[1m[32m    Checking[0m smallvec v1.14.0
[1m[32m    Checking[0m equivalent v1.0.2
[1m[32m    Checking[0m autocfg v1.4.0
[1m[32m    Checking[0m libc v0.2.180
[1m[32m    Checking[0m hashbrown v0.15.2
[1m[32m    Checking[0m quote v1.0.40
[1m[32m    Checking[0m indexmap v2.7.1
[1m[32m    Checking[0m cfg-if v1.0.0
[1m[32m    Checking[0m pkg-config v0.3.32
[1m[32m    Checking[0m winnow v0.7.3
[1m[32m    Checking[0m heck v0.5.0
[1m[32m    Checking[0m pin-project-lite v0.2.16
[1m[32m    Checking[0m once_cell v1.20.3
[1m[32m    Checking[0m futures-core v0.3.31
[1m[32m    Checking[0m semver v1.0.26
[1m[32m    Checking[0m target-lexicon v0.12.16
[1m[32m    Checking[0m version-compare v0.2.0
[1m[32m    Checking[0m version_check v0.9.5
[1m[32m    Checking[0m lock_api v0.4.12
[1m[32m    Checking[0m parking_lot_core v0.9.10
[1m[32m    Checking[0m thiserror v2.0.12
[1m[32m    Checking[0m cfg-expr v0.15.8
[1m[32m    Checking[0m syn v1.0.109
[1m[32m    Checking[0m memchr v2.7.4
[1m[32m    Checking[0m byteorder v1.5.0
[1m[32m    Checking[0m futures-sink v0.3.31
[1m[32m    Checking[0m futures-io v0.3.31
[1m[32m    Checking[0m slab v0.4.9
[1m[32m    Checking[0m thiserror v1.0.69
[1m[32m    Checking[0m log v0.4.26
[1m[32m    Checking[0m futures-channel v0.3.31
[1m[32m    Checking[0m pin-utils v0.1.0
[1m[32m    Checking[0m siphasher v0.3.11
[1m[32m    Checking[0m futures-task v0.3.31
[1m[32m    Checking[0m getrandom v0.1.16
[1m[32m    Checking[0m getrandom v0.2.15
[1m[32m    Checking[0m fnv v1.0.7
[1m[32m    Checking[0m rand_core v0.6.4
[1m[32m    Checking[0m scopeguard v1.2.0
[1m[32m    Checking[0m rand_core v0.5.1
[1m[32m    Checking[0m synstructure v0.13.1
[1m[32m    Checking[0m ident_case v1.0.1
[1m[32m    Checking[0m num_cpus v1.16.0
[1m[32m    Checking[0m siphasher v1.0.1
[1m[32m    Checking[0m phf_shared v0.11.3
[1m[32m    Checking[0m strsim v0.11.1
[1m[32m    Checking[0m rand_pcg v0.2.1
[1m[32m    Checking[0m stable_deref_trait v1.2.0
[1m[32m    Checking[0m phf_shared v0.8.0
[1m[32m    Checking[0m crossbeam-utils v0.8.21
[1m[32m    Checking[0m itoa v1.0.15
[1m[32m    Checking[0m syn v2.0.108
[1m[32m    Checking[0m zerofrom-derive v0.1.6
[1m[32m    Checking[0m darling_core v0.20.10
[1m[32m    Checking[0m thiserror-impl v2.0.12
[1m[32m    Checking[0m yoke-derive v0.7.5
[1m[32m    Checking[0m zerocopy-derive v0.7.35
[1m[32m    Checking[0m serde_derive v1.0.218
[1m[32m    Checking[0m displaydoc v0.2.5
[1m[32m    Checking[0m zerocopy v0.7.35
[1m[32m    Checking[0m zerovec-derive v0.10.3
[1m[32m    Checking[0m ppv-lite86 v0.2.20
[1m[32m    Checking[0m icu_provider_macros v1.5.0
[1m[32m    Checking[0m thiserror-impl v1.0.69
[1m[32m    Checking[0m futures-macro v0.3.31
[1m[32m    Checking[0m rand_chacha v0.3.1
[1m[32m    Checking[0m bitflags v2.9.0
[1m[32m    Checking[0m rand v0.8.5
[1m[32m    Checking[0m serde_spanned v0.6.8
[1m[32m    Checking[0m toml_datetime v0.6.8
[1m[32m    Checking[0m rand_chacha v0.2.2
[1m[32m    Checking[0m rustc_version v0.4.1
[1m[32m    Checking[0m darling_macro v0.20.10
[1m[32m    Checking[0m darling v0.20.10
[1m[32m    Checking[0m phf_generator v0.11.3
[1m[32m    Checking[0m rand v0.7.3
[1m[32m    Checking[0m phf_generator v0.8.0
[1m[32m    Checking[0m zerofrom v0.1.6
[1m[32m    Checking[0m parking_lot v0.12.3
[1m[32m    Checking[0m phf_shared v0.10.0
[1m[32m    Checking[0m proc-macro-hack v0.5.20+deprecated
[1m[32m    Checking[0m futures-util v0.3.31
[1m[32m    Checking[0m yoke v0.7.5
[1m[32m    Checking[0m futures-executor v0.3.31
[1m[32m    Checking[0m phf_generator v0.10.0
[1m[32m    Checking[0m getrandom v0.3.1
[1m[32m    Checking[0m zerovec v0.10.4
[1m[32m    Checking[0m bytes v1.10.1
[1m[32m    Checking[0m toml v0.8.20
[1m[32m    Checking[0m phf_macros v0.8.0
[1m[32m    Checking[0m phf_codegen v0.10.0
[1m[32m    Checking[0m system-deps v6.2.2
[1m[32m    Checking[0m toml_edit v0.22.24
[1m[32m    Checking[0m string_cache_codegen v0.5.4
[1m[32m    Checking[0m glib-sys v0.18.1
[1m[32m    Checking[0m tinystr v0.7.6
[1m[32m    Checking[0m gobject-sys v0.18.0
[1m[32m    Checking[0m gio-sys v0.18.1
[1m[32m    Checking[0m markup5ever v0.11.0
[1m[32m    Checking[0m litemap v0.7.5
[1m[32m    Checking[0m writeable v0.5.5
[1m[32m    Checking[0m typeid v1.0.3
[1m[32m    Checking[0m camino v1.1.9
[1m[32m    Checking[0m uuid v1.15.1
[1m[32m    Checking[0m phf_codegen v0.8.0
[1m[32m    Checking[0m icu_locid v1.5.0
[1m[32m    Checking[0m cssparser v0.27.2
[1m[32m    Checking[0m cssparser-macros v0.6.1
[1m[32m    Checking[0m selectors v0.22.0
[1m[32m    Checking[0m icu_provider v1.5.0
[1m[32m    Checking[0m anyhow v1.0.97
[1m[32m    Checking[0m icu_locid_transform_data v1.5.0
[1m[32m    Checking[0m convert_case v0.4.0
[1m[32m    Checking[0m same-file v1.0.6
[1m[32m    Checking[0m serde_with_macros v3.12.0
[1m[32m    Checking[0m walkdir v2.5.0
[1m[32m    Checking[0m html5ever v0.26.0
[1m[32m    Checking[0m winnow v0.5.40
[1m[32m    Checking[0m proc-macro-error-attr v1.0.4
[1m[32m    Checking[0m icu_properties_data v1.5.0
[1m[32m    Checking[0m icu_locid_transform v1.5.0
[1m[32m    Checking[0m proc-macro-error v1.0.4
[1m[32m    Checking[0m ryu v1.0.20
[1m[32m    Checking[0m icu_collections v1.5.0
[1m[32m    Checking[0m serde_json v1.0.140
[1m[32m    Checking[0m wasm-bindgen-shared v0.2.100
[1m[32m    Checking[0m new_debug_unreachable v1.0.6
[1m[32m    Checking[0m utf8_iter v1.0.4
[1m[32m    Checking[0m write16 v1.0.0
[1m[32m    Checking[0m utf16_iter v1.0.5
[1m[32m    Checking[0m icu_normalizer_data v1.5.0
[1m[32m    Checking[0m gdk-sys v0.18.2
[1m[32m    Checking[0m precomputed-hash v0.1.1
[1m[32m    Checking[0m shlex v1.3.0
[1m[32m    Checking[0m derive_more v0.99.19
[1m[32m    Checking[0m mac v0.1.1
[1m[32m    Checking[0m parking v2.2.1
[1m[32m    Checking[0m futf v0.1.5
[1m[32m    Checking[0m phf_macros v0.11.3
[1m[32m    Checking[0m icu_properties v1.5.1
[1m[32m    Checking[0m idna_adapter v1.2.0
[1m[32m    Checking[0m icu_normalizer v1.5.0
[1m[32m    Checking[0m cc v1.2.16
[1m[32m    Checking[0m indexmap v1.9.3
[1m[32m    Checking[0m concurrent-queue v2.5.0
[1m[32m    Checking[0m dtoa v1.0.10
[1m[32m    Checking[0m bumpalo v3.17.0
[1m[32m    Checking[0m percent-encoding v2.3.1
[1m[32m    Checking[0m bitflags v1.3.2
[1m[32m    Checking[0m utf-8 v0.7.6
[1m[32m    Checking[0m form_urlencoded v1.2.1
[1m[32m    Checking[0m tendril v0.4.3
[1m[32m    Checking[0m dtoa-short v0.3.5
[1m[32m    Checking[0m string_cache v0.8.8
[1m[32m    Checking[0m idna v1.0.3
[1m[32m    Checking[0m http v1.2.0
[1m[32m    Checking[0m phf v0.8.0
[1m[32m    Checking[0m phf v0.10.1
[1m[32m    Checking[0m proc-macro-crate v2.0.0
[1m[32m    Checking[0m wasm-bindgen-backend v0.2.100
[1m[32m    Checking[0m ctor v0.2.9
[1m[32m    Checking[0m unic-char-range v0.9.0
[1m[32m    Checking[0m alloc-no-stdlib v2.0.4
[1m[32m    Checking[0m nodrop v0.1.14
[1m[32m    Checking[0m itoa v0.4.8
[1m[32m    Checking[0m heck v0.4.1
[1m[32m    Checking[0m toml_edit v0.20.7
[1m[32m    Checking[0m matches v0.1.10
[1m[32m    Checking[0m rustversion v1.0.20
[1m[32m    Checking[0m unic-common v0.9.0
[1m[32m    Checking[0m hashbrown v0.12.3
[1m[32m    Checking[0m value-bag v1.11.1
[1m[32m    Checking[0m unic-ucd-version v0.9.0
[1m[32m    Checking[0m aho-corasick v1.1.3
[1m[32m    Checking[0m regex-syntax v0.8.5
[1m[32m    Checking[0m servo_arc v0.1.1
[1m[32m    Checking[0m alloc-stdlib v0.2.2
[1m[32m    Checking[0m unic-char-property v0.9.0
[1m[32m    Checking[0m glib-macros v0.18.5
[1m[32m    Checking[0m event-listener v5.4.0
[1m[32m    Checking[0m wasm-bindgen-macro-support v0.2.100
[1m[32m    Checking[0m url v2.5.4
[1m[32m    Checking[0m pango-sys v0.18.0
[1m[32m    Checking[0m gdk-pixbuf-sys v0.18.0
[1m[32m    Checking[0m cairo-sys-rs v0.18.2
[1m[32m    Checking[0m fxhash v0.2.1
[1m[32m    Checking[0m thin-slice v0.1.1
[1m[32m    Checking[0m schemars v0.8.22
[1m[32m    Checking[0m wasm-bindgen v0.2.100
[1m[32m    Checking[0m regex-automata v0.4.9
[1m[32m    Checking[0m serde_derive_internals v0.29.1
[1m[32m    Checking[0m wasm-bindgen-macro v0.2.100
[1m[32m    Checking[0m event-listener-strategy v0.5.3
[1m[32m    Checking[0m erased-serde v0.4.6
[1m[32m    Checking[0m regex v1.11.1
[1m[32m    Checking[0m schemars_derive v0.8.22
[1m[32m    Checking[0m unic-ucd-ident v0.9.0
[1m[32m    Checking[0m jsonptr v0.6.3
[1m[32m    Checking[0m atk-sys v0.18.2
[1m[32m    Checking[0m brotli-decompressor v4.0.2
[1m[32m    Checking[0m cargo-platform v0.1.9
[1m[32m    Checking[0m dyn-clone v1.0.19
[1m[32m    Checking[0m cfb v0.7.3
[1m[32m    Checking[0m infer v0.19.0
[1m[32m    Checking[0m json-patch v3.0.1
[1m[32m    Checking[0m cargo_metadata v0.19.2
[1m[32m    Checking[0m kuchikiki v0.8.2
[1m[32m    Checking[0m glib v0.18.5
[1m[32m    Checking[0m serde-untagged v0.1.7
[1m[32m    Checking[0m phf v0.11.3
[1m[32m    Checking[0m urlpattern v0.3.0
[1m[32m    Checking[0m signal-hook-registry v1.4.2
[1m[32m    Checking[0m dunce v1.0.5
[1m[32m    Checking[0m glob v0.3.2
[1m[32m    Checking[0m gio v0.18.4
[1m[32m    Checking[0m gtk-sys v0.18.2
[1m[32m    Checking[0m brotli v7.0.0
[1m[32m    Checking[0m serde_with v3.12.0
[1m[32m    Checking[0m async-lock v3.4.0
[1m[32m    Checking[0m tokio-macros v2.6.0
[1m[32m    Checking[0m js-sys v0.3.77
[1m[32m    Checking[0m socket2 v0.6.1
[1m[32m    Checking[0m mio v1.0.3
[1m[32m    Checking[0m memoffset v0.9.1
[1m[32m    Checking[0m num-traits v0.2.19
[1m[32m    Checking[0m tokio v1.49.0
[1m[32m    Checking[0m proc-macro-error-attr2 v2.0.0
[1m[32m    Checking[0m option-ext v0.2.0
[1m[32m    Checking[0m unicode-segmentation v1.12.0
[1m[32m    Checking[0m dirs-sys v0.5.0
[1m[32m    Checking[0m proc-macro-error2 v2.0.1
[1m[32m    Checking[0m cairo-rs v0.18.5
[1m[32m    Checking[0m embed-resource v3.0.2
[1m[32m    Checking[0m tauri-utils v2.2.0
[1m[32m    Checking[0m field-offset v0.3.6
[1m[32m    Checking[0m gdk-pixbuf v0.18.5
[1m[32m    Checking[0m pango v0.18.3
[1m[32m    Checking[0m typenum v1.18.0
[1m[32m    Checking[0m toml_edit v0.19.15
[1m[32m    Checking[0m dirs v6.0.0
[1m[32m    Checking[0m tauri-winres v0.3.0
[1m[32m    Checking[0m proc-macro-crate v1.3.1
[1m[32m    Checking[0m generic-array v0.14.7
[1m[32m    Checking[0m gtk v0.18.2
[1m[32m    Checking[0m num-conv v0.1.0
[1m[32m    Checking[0m fastrand v2.3.0
[1m[32m    Checking[0m time-core v0.1.3
[1m[32m    Checking[0m powerfmt v0.2.0
[1m[32m    Checking[0m deranged v0.3.11
[1m[32m    Checking[0m gdk v0.18.2
[1m[32m    Checking[0m time-macros v0.2.20
[1m[32m    Checking[0m gtk3-macros v0.18.2
[1m[32m    Checking[0m cargo_toml v0.21.0
[1m[32m    Checking[0m wasm-bindgen-futures v0.4.50
[1m[32m    Checking[0m tauri-build v2.0.6
[1m[32m    Checking[0m javascriptcore-rs-sys v1.1.1
[1m[32m    Checking[0m soup3-sys v0.5.0
[1m[32m    Checking[0m cookie v0.18.1
[1m[32m    Checking[0m x11 v2.21.0
[1m[32m    Checking[0m utf8-width v0.1.7
[1m[32m    Checking[0m num_threads v0.1.7
[1m[32m    Checking[0m tracing-core v0.1.33
[1m[32m    Checking[0m simd-adler32 v0.3.7
[1m[32m    Checking[0m atk v0.18.2
[1m[32m    Checking[0m convert_case v0.8.0
[1m[32m    Checking[0m tracing-attributes v0.1.28
[1m[32m    Checking[0m tracing v0.1.41
[1m[32m    Checking[0m tauri-plugin v2.0.5
[1m[32m    Checking[0m webkit2gtk-sys v2.0.1
[1m[32m    Checking[0m time v0.3.39
[1m[32m    Checking[0m futures v0.3.31
[1m[32m    Checking[0m gdkx11-sys v0.18.2
[1m[32m    Checking[0m adler2 v2.0.0
[1m[32m    Checking[0m async-trait v0.1.87
[1m[32m    Checking[0m miniz_oxide v0.8.5
[1m[32m    Checking[0m tauri v2.3.1
[1m[32m    Checking[0m ring v0.17.12
[1m[32m    Checking[0m dpi v0.1.1
[1m[32m    Checking[0m proc-macro2-diagnostics v0.10.1
[1m[32m    Checking[0m x11-dl v2.21.0
[1m[32m    Checking[0m enumflags2_derive v0.7.11
[1m[32m    Checking[0m static_assertions v1.1.0
[1m[32m    Checking[0m crc32fast v1.4.2
[1m[32m    Checking[0m lazy_static v1.5.0
[1m[32m    Checking[0m unicode-xid v0.2.6
[1m[32m    Checking[0m pathdiff v0.2.3
[1m[32m    Checking[0m base64 v0.22.1
[1m[32m    Checking[0m const_format_proc_macros v0.2.34
[1m[32m    Checking[0m flate2 v1.1.0
[1m[32m    Checking[0m zvariant_utils v3.2.0
[1m[32m    Checking[0m block-buffer v0.10.4
[1m[32m    Checking[0m crypto-common v0.1.6
[1m[32m    Checking[0m fdeflate v0.3.7
[1m[32m    Checking[0m futures-lite v2.6.0
[1m[32m    Checking[0m serde_repr v0.1.20
[1m[32m    Checking[0m proc-macro-crate v3.3.0
[1m[32m    Checking[0m slotmap v1.0.7
[1m[32m    Checking[0m throw_error v0.3.0
[1m[32m    Checking[0m raw-window-handle v0.6.2
[1m[32m    Checking[0m rustix v0.38.44
[1m[32m    Checking[0m proc-macro-utils v0.10.0
[1m[32m    Checking[0m eyre v0.6.12
[1m[32m    Checking[0m paste v1.0.15
[1m[32m    Checking[0m rustls-pki-types v1.11.0
[1m[32m    Checking[0m zvariant_derive v5.4.0
[1m[32m    Checking[0m digest v0.10.7
[1m[32m    Checking[0m png v0.17.16
[1m[32m    Checking[0m soup3 v0.5.0
[1m[32m    Checking[0m javascriptcore-rs v1.1.2
[1m[32m    Checking[0m server_fn_macro v0.8.2
[1m[32m    Checking[0m reactive_graph v0.2.2
[1m[32m    Checking[0m crossbeam-channel v0.5.14
[1m[32m    Checking[0m send_wrapper v0.6.0
[1m[32m    Checking[0m dlopen2_derive v0.4.0
[1m[32m    Checking[0m indenter v0.3.4
[1m[32m    Checking[0m tauri-runtime v2.4.0
[1m[32m    Checking[0m untrusted v0.9.0
[1m[32m    Checking[0m derive-where v1.2.7
[1m[32m    Checking[0m httparse v1.10.1
[1m[32m    Checking[0m wry v0.50.3
[1m[32m    Checking[0m or_poisoned v0.1.0
[1m[32m    Checking[0m linux-raw-sys v0.4.15
[1m[32m    Checking[0m cpufeatures v0.2.17
[1m[32m    Checking[0m web-sys v0.3.77
[1m[32m    Checking[0m hashbrown v0.14.5
[1m[32m    Checking[0m sha2 v0.10.8
[1m[32m    Checking[0m hydration_context v0.3.0
[1m[32m    Checking[0m dashmap v6.1.0
[1m[32m    Checking[0m dlopen2 v0.7.0
[1m[32m    Checking[0m ico v0.4.0
[1m[32m    Checking[0m const_format v0.2.34
[1m[32m    Checking[0m gdkx11 v0.18.2
[1m[32m    Checking[0m any_spawner v0.3.0
[1m[32m    Checking[0m gdkwayland-sys v0.18.2
[1m[32m    Checking[0m http-body v1.0.1
[1m[32m    Checking[0m tauri-runtime-wry v2.4.1
[1m[32m    Checking[0m syn_derive v0.2.0
[1m[32m    Checking[0m tokio-util v0.7.13
[1m[32m    Checking[0m rustls v0.23.23
[1m[32m    Checking[0m async-task v4.7.1
[1m[32m    Checking[0m guardian v1.3.0
[1m[32m    Checking[0m either v1.15.0
[1m[32m    Checking[0m try-lock v0.2.5
[1m[32m    Checking[0m rustc-hash v2.1.1
[1m[32m    Checking[0m xxhash-rust v0.8.15
[1m[32m    Checking[0m rustix v1.0.0
[1m[32m    Checking[0m want v0.3.1
[1m[32m    Checking[0m webkit2gtk v2.0.1
[1m[32m    Checking[0m polling v3.7.4
[1m[32m    Checking[0m itertools v0.14.0
[1m[32m    Checking[0m tao v0.32.7
[1m[32m    Checking[0m rustls-webpki v0.102.8
[1m[32m    Checking[0m enumflags2 v0.7.11
[1m[32m    Checking[0m manyhow-macros v0.11.4
[1m[32m    Checking[0m quote-use-macros v0.8.4
[1m[32m    Checking[0m tauri-codegen v2.0.5
[1m[32m    Checking[0m tachys v0.2.2
[1m[32m    Checking[0m async-channel v2.3.1
[1m[32m    Checking[0m serialize-to-javascript-impl v0.1.1
[1m[32m    Checking[0m subtle v2.6.1
[1m[32m    Checking[0m reactive_stores_macro v0.2.2
[1m[32m    Checking[0m tower-service v0.3.3
[1m[32m    Checking[0m mime v0.3.17
[1m[32m    Checking[0m keyboard-types v0.7.0
[1m[32m    Checking[0m yansi v1.0.1
[1m[32m    Checking[0m zeroize v1.8.1
[1m[32m    Checking[0m atomic-waker v1.1.2
[1m[32m    Checking[0m cfg_aliases v0.2.1
[1m[32m    Checking[0m endi v1.1.0
[1m[32m    Checking[0m prettyplease v0.2.30
[1m[32m    Checking[0m pin-project-internal v1.1.10
[1m[32m    Checking[0m linux-raw-sys v0.9.2
[1m[32m    Checking[0m pin-project v1.1.10
[1m[32m    Checking[0m nix v0.29.0
[1m[32m    Checking[0m piper v0.2.4
[1m[32m    Checking[0m muda v0.16.1
[1m[32m    Checking[0m serialize-to-javascript v0.1.1
[1m[32m    Checking[0m reactive_stores v0.2.2
[1m[32m    Checking[0m quote-use v0.8.4
[1m[32m    Checking[0m manyhow v0.11.4
[1m[32m    Checking[0m zvariant v5.4.0
[1m[32m    Checking[0m hyper v1.6.0
[1m[32m    Checking[0m tauri-macros v2.0.5
[1m[32m    Checking[0m gloo-utils v0.2.0
[1m[32m    Checking[0m async-io v2.4.0
[1m[32m    Checking[0m oco_ref v0.2.0
[1m[32m    Checking[0m server_fn v0.8.2
[1m[32m    Checking[0m libudev-sys v0.1.4
[1m[32m    Checking[0m socket2 v0.5.8
[1m[32m    Checking[0m html-escape v0.2.13
[1m[32m    Checking[0m iana-time-zone v0.1.61
[1m[32m    Checking[0m linear-map v1.2.0
[1m[32m    Checking[0m next_tuple v0.1.0
[1m[32m    Checking[0m erased v0.1.2
[1m[32m    Checking[0m drain_filter_polyfill v0.1.3
[1m[32m    Checking[0m rust_decimal v1.37.1
[1m[32m    Checking[0m collection_literals v1.0.1
[1m[32m    Checking[0m interpolator v0.5.0
[1m[32m    Checking[0m const_str_slice_concat v0.1.0
[1m[32m    Checking[0m ucd-trie v0.1.7
[1m[32m    Checking[0m either_of v0.1.5
[1m[32m    Checking[0m attribute-derive-macro v0.10.3
[1m[32m    Checking[0m pest v2.7.15
[1m[32m    Checking[0m chrono v0.4.40
[1m[32m    Checking[0m hyper-util v0.1.10
[1m[32m    Checking[0m async-signal v0.2.10
[1m[32m    Checking[0m tokio-rustls v0.26.2
[1m[32m    Checking[0m gloo-net v0.6.0
[1m[32m    Checking[0m zbus_names v4.2.0
[1m[32m    Checking[0m blocking v1.6.1
[1m[32m    Checking[0m rstml v0.12.1
[1m[32m    Checking[0m server_fn_macro_default v0.8.2
[1m[32m    Checking[0m webpki-roots v0.26.8
[1m[32m    Checking[0m wasm-streams v0.4.2
[1m[32m    Checking[0m tauri-plugin-updater v2.8.1
[1m[32m    Checking[0m tauri-plugin-opener v2.2.6
[1m[32m    Checking[0m convert_case v0.6.0
[1m[32m    Checking[0m tauri-plugin-log v2.3.1
[1m[32m    Checking[0m leptos_macro v0.8.2
[1m[32m    Checking[0m serde_qs v0.14.0
[1m[32m    Checking[0m sync_wrapper v1.0.2
[1m[32m    Checking[0m is-docker v0.2.0
[1m[32m    Checking[0m tower-layer v0.3.3
[1m[32m    Checking[0m zerocopy v0.8.24
[1m[32m    Checking[0m const-str v0.6.2
[1m[32m    Checking[0m arrayvec v0.7.6
[1m[32m    Checking[0m typed-builder-macro v0.21.0
[1m[32m    Checking[0m typed-builder v0.21.0
[1m[32m    Checking[0m tower v0.5.2
[1m[32m    Checking[0m is-wsl v0.4.0
[1m[32m    Checking[0m hyper-rustls v0.27.5
[1m[32m    Checking[0m config v0.15.11
[1m[32m    Checking[0m async-fs v2.1.2
[1m[32m    Checking[0m async-process v2.3.0
[1m[32m    Checking[0m leptos_hot_reload v0.8.2
[1m[32m    Checking[0m attribute-derive v0.10.3
[1m[32m    Checking[0m xattr v1.6.1
[1m[32m    Checking[0m zbus_macros v5.5.0
[1m[32m    Checking[0m rand_core v0.9.3
[1m[32m    Checking[0m pest_meta v2.7.15
[1m[32m    Checking[0m async-executor v1.13.1
[1m[32m    Checking[0m http-body-util v0.1.2
[1m[32m    Checking[0m rustls-pemfile v2.2.0
[1m[32m    Checking[0m async-broadcast v0.7.2
[1m[32m    Checking[0m serde_urlencoded v0.7.1
[1m[32m    Checking[0m codee v0.3.0
[1m[32m    Checking[0m leptos v0.8.2
[1m[32m    Checking[0m filetime v0.2.26
[1m[32m    Checking[0m xdg-home v1.3.0
[1m[32m    Checking[0m ordered-stream v0.2.0
[1m[32m    Checking[0m ipnet v2.11.0
[1m[32m    Checking[0m hex v0.4.3
[1m[32m    Checking[0m tar v0.4.44
[1m[32m    Checking[0m derive_builder_core v0.20.2
[1m[32m    Checking[0m derive_builder_macro v0.20.2
[1m[32m    Checking[0m reqwest v0.12.12
[1m[32m    Checking[0m leptos_dom v0.8.2
[1m[32m    Checking[0m rand_chacha v0.9.0
[1m[32m    Checking[0m leptos_server v0.8.2
[1m[32m    Checking[0m libudev v0.3.0
[1m[32m    Checking[0m leptos_config v0.8.2
[1m[32m    Checking[0m pest_generator v2.7.15
[1m[32m    Checking[0m open v5.3.2
[1m[32m    Checking[0m byte-unit v5.1.6
[1m[32m    Checking[0m tempfile v3.18.0
[1m[32m    Checking[0m arksync v0.1.0
[1m[32m    Checking[0m fern v0.7.1
[1m[32m    Checking[0m unescaper v0.1.8
[1m[32m    Checking[0m matrixmultiply v0.3.10
[1m[32m    Checking[0m nix v0.26.4
[1m[32m    Checking[0m num-modular v0.6.1
[1m[32m    Checking[0m minisign-verify v0.2.4
[1m[32m    Checking[0m num-order v1.2.0
[1m[32m    Checking[0m serialport v4.8.1
[1m[32m    Checking[0m zbus v5.5.0
[1m[32m    Checking[0m derive_builder v0.20.2
[1m[32m    Checking[0m pest_derive v2.7.15
[1m[32m    Checking[0m arksync-actuator v0.1.0
[1m[32m    Checking[0m serde-wasm-bindgen v0.6.5
[1m[32m    Checking[0m leptos_router v0.8.2
[1m[32m    Checking[0m unic-langid-impl v0.9.5
[1m[32m    Checking[0m rawpointer v0.2.1
[1m[32m    Checking[0m rand v0.9.0
[1m[32m    Checking[0m leptos-use v0.16.3
[1m[32m    Checking[0m unic-langid v0.9.5
[1m[32m    Checking[0m leptos_router_macro v0.8.2
[1m[32m    Checking[0m num-integer v0.1.46
[1m[32m    Checking[0m test-case-core v3.3.1
[1m[32m    Checking[0m num-complex v0.4.6
[1m[32m    Checking[0m test-case-macros v3.3.1
[1m[32m    Checking[0m handlebars v6.3.2
[1m[32m    Checking[0m gloo-timers v0.3.0
[1m[32m    Checking[0m test-case v3.3.1
[1m[32m    Checking[0m derive_more-impl v2.0.1
[1m[32m    Checking[0m derive_more v2.0.1
[1m[32m    Checking[0m charming_macros v0.1.0
[1m[32m    Checking[0m tauri-sys v0.2.3
[1m[32m    Checking[0m default-struct-builder v0.5.1
[1m[32m    Checking[0m arksync-sensor v0.1.0
[1m[32m    Checking[0m console_error_panic_hook v0.1.7
[1m[32m    Checking[0m ndarray v0.17.1
[1m[32m    Checking[0m charming v0.6.0
[1m[32m    Checking[0m arksync-ui v0.1.0
